<?xml version="1.0" encoding="UTF-8"?>
<!-- Generated by org.testng.reporters.JUnitXMLReporter -->
<testsuite hostname="DESKTOP-LCC7PQK" ignored="0" name="Default test" tests="6" failures="0" timestamp="2020-06-08T10:40:48 PDT" time="23.032" errors="0">
  <testcase name="validateAutomationTestingSelection" time="2.235" classname="com.biztech2go.TestITTrainingPage"/>
  <testcase name="validateDataScienceSelection" time="0.174" classname="com.biztech2go.TestITTrainingPage"/>
  <testcase name="validateImageITTraining" time="0.119" classname="com.biztech2go.TestITTrainingPage"/>
  <testcase name="validateManuelTestingSelection" time="0.285" classname="com.biztech2go.TestITTrainingPage"/>
  <testcase name="validateSAPSelection" time="0.314" classname="com.biztech2go.TestITTrainingPage"/>
  <testcase name="verifyITTrainingPageTitle" time="0.015" classname="com.biztech2go.TestITTrainingPage"/>
</testsuite> <!-- Default test -->
