<?xml version="1.0" encoding="UTF-8"?>
<!-- Generated by org.testng.reporters.JUnitXMLReporter -->
<testsuite hostname="DESKTOP-LCC7PQK" ignored="14" name="Smmoke Testing" tests="1" failures="0" timestamp="2020-06-05T15:27:36 PDT" time="21.546" errors="0">
  <testcase name="validateEmptyNameEmailError" time="4.403" classname="com.biztech2go.TestContactUsPage"/>
  <testcase name="bottomCopyRigth" time="0.0" classname="com.biztech2go.TestHomePage">
    <ignored/>
  </testcase> <!-- bottomCopyRigth -->
  <testcase name="verifyAboutUsPage" time="0.0" classname="com.biztech2go.TestHomePage">
    <ignored/>
  </testcase> <!-- verifyAboutUsPage -->
  <testcase name="verifyOurServicesPage" time="0.0" classname="com.biztech2go.TestHomePage">
    <ignored/>
  </testcase> <!-- verifyOurServicesPage -->
  <testcase name="validateNameBlankTyping" time="0.0" classname="com.biztech2go.TestContactUsPage">
    <ignored/>
  </testcase> <!-- validateNameBlankTyping -->
  <testcase name="verifyItServicesPage" time="0.0" classname="com.biztech2go.TestHomePage">
    <ignored/>
  </testcase> <!-- verifyItServicesPage -->
  <testcase name="validateEmailBlankTyping" time="0.0" classname="com.biztech2go.TestContactUsPage">
    <ignored/>
  </testcase> <!-- validateEmailBlankTyping -->
  <testcase name="verifyMainPageTitle" time="0.0" classname="com.biztech2go.TestHomePage">
    <ignored/>
  </testcase> <!-- verifyMainPageTitle -->
  <testcase name="validateIcon" time="0.0" classname="com.biztech2go.TestHomePage">
    <ignored/>
  </testcase> <!-- validateIcon -->
  <testcase name="verifyContactUsPage" time="0.0" classname="com.biztech2go.TestHomePage">
    <ignored/>
  </testcase> <!-- verifyContactUsPage -->
  <testcase name="hoverITStaffMenu" time="0.0" classname="com.biztech2go.TestHomePage">
    <ignored/>
  </testcase> <!-- hoverITStaffMenu -->
  <testcase name="verifyMainHowWOperate" time="0.0" classname="com.biztech2go.TestHomePage">
    <ignored/>
  </testcase> <!-- verifyMainHowWOperate -->
  <testcase name="verifyMainPageDynamicProposal" time="0.0" classname="com.biztech2go.TestHomePage">
    <ignored/>
  </testcase> <!-- verifyMainPageDynamicProposal -->
  <testcase name="validateMessageBlankTyping" time="0.0" classname="com.biztech2go.TestContactUsPage">
    <ignored/>
  </testcase> <!-- validateMessageBlankTyping -->
  <testcase name="validateSubjectBlankTyping" time="0.0" classname="com.biztech2go.TestContactUsPage">
    <ignored/>
  </testcase> <!-- validateSubjectBlankTyping -->
</testsuite> <!-- Smmoke Testing -->
