<?xml version="1.0" encoding="UTF-8"?>
<!-- Generated by org.testng.reporters.JUnitXMLReporter -->
<testsuite hostname="DESKTOP-LCC7PQK" ignored="0" name="Validating Contact Us page in new Tab" tests="5" failures="0" timestamp="2020-06-08T10:36:03 PDT" time="17.968" errors="0">
  <testcase name="validateEmailBlankTyping" time="2.217" classname="com.biztech2go.TestContactUsPage"/>
  <testcase name="validateEmptyNameEmailError" time="2.257" classname="com.biztech2go.TestContactUsPage"/>
  <testcase name="validateMessageBlankTyping" time="0.152" classname="com.biztech2go.TestContactUsPage"/>
  <testcase name="validateNameBlankTyping" time="0.136" classname="com.biztech2go.TestContactUsPage"/>
  <testcase name="validateSubjectBlankTyping" time="0.143" classname="com.biztech2go.TestContactUsPage"/>
</testsuite> <!-- Validating Contact Us page in new Tab -->
