<?xml version="1.0" encoding="UTF-8"?>
<!-- Generated by org.testng.reporters.JUnitXMLReporter -->
<testsuite hostname="DESKTOP-LCC7PQK" ignored="0" name="Validating About Us page in new Tab" tests="5" failures="0" timestamp="2020-06-08T10:36:18 PDT" time="15.009" errors="0">
  <testcase name="validateHeaderMission" time="2.067" classname="com.biztech2go.TestAboutUsPage"/>
  <testcase name="validateHeaderOurValues" time="0.035" classname="com.biztech2go.TestAboutUsPage"/>
  <testcase name="validateHeaderVision" time="0.035" classname="com.biztech2go.TestAboutUsPage"/>
  <testcase name="validatePraphBackgroundColor" time="0.042" classname="com.biztech2go.TestAboutUsPage"/>
  <testcase name="validatePraphFontSize" time="0.025" classname="com.biztech2go.TestAboutUsPage"/>
</testsuite> <!-- Validating About Us page in new Tab -->
