<?xml version="1.0" encoding="UTF-8"?>
<!-- Generated by org.testng.reporters.JUnitXMLReporter -->
<testsuite hostname="DESKTOP-LCC7PQK" ignored="0" name="Validating Home page visual" tests="10" failures="0" timestamp="2020-06-08T10:35:45 PDT" time="36.605" errors="0">
  <testcase name="bottomCopyRigth" time="0.57" classname="com.biztech2go.TestHomePage"/>
  <testcase name="hoverITStaffMenu" time="2.366" classname="com.biztech2go.TestHomePage"/>
  <testcase name="validateIcon" time="0.052" classname="com.biztech2go.TestHomePage"/>
  <testcase name="verifyAboutUsPage" time="2.966" classname="com.biztech2go.TestHomePage"/>
  <testcase name="verifyContactUsPage" time="2.892" classname="com.biztech2go.TestHomePage"/>
  <testcase name="verifyOurServicesPage" time="2.957" classname="com.biztech2go.TestHomePage"/>
  <testcase name="verifyItServicesPage" time="3.051" classname="com.biztech2go.TestHomePage"/>
  <testcase name="verifyMainHowWOperate" time="0.215" classname="com.biztech2go.TestHomePage"/>
  <testcase name="verifyMainPageTitle" time="0.069" classname="com.biztech2go.TestHomePage"/>
  <testcase name="verifyMainPageDynamicProposal" time="0.236" classname="com.biztech2go.TestHomePage"/>
</testsuite> <!-- Validating Home page visual -->
