<?xml version="1.0" encoding="UTF-8"?>
<!-- Generated by org.testng.reporters.JUnitXMLReporter -->
<testsuite hostname="DESKTOP-LCC7PQK" ignored="0" name="Validating Telecom Servies Page in same Window" tests="5" failures="0" timestamp="2020-06-08T10:36:55 PDT" time="15.993" errors="0">
  <testcase name="validateAddressPresence" time="0.123" classname="com.biztech2go.TestTelecomServicesPage"/>
  <testcase name="validatePhoneNumber" time="0.097" classname="com.biztech2go.TestTelecomServicesPage"/>
  <testcase name="verifyImageVerizonPresence" time="0.14" classname="com.biztech2go.TestTelecomServicesPage"/>
  <testcase name="verifyRequestQuotePresence" time="0.089" classname="com.biztech2go.TestTelecomServicesPage"/>
  <testcase name="verifyTelecomServicesTitle" time="0.018" classname="com.biztech2go.TestTelecomServicesPage"/>
</testsuite> <!-- Validating Telecom Servies Page in same Window -->
